{"/Users/lucasmaia/Developer/test/spotify-test/frontend/src/App.js": {"path":"/Users/lucasmaia/Developer/test/spotify-test/frontend/src/App.js","statementMap":{"0":{"start":{"line":1,"column":0},"end":{"line":null,"column":-1}},"1":{"start":{"line":2,"column":0},"end":{"line":null,"column":-1}},"2":{"start":{"line":3,"column":0},"end":{"line":null,"column":-1}},"3":{"start":{"line":4,"column":0},"end":{"line":null,"column":-1}},"4":{"start":{"line":5,"column":0},"end":{"line":null,"column":-1}},"5":{"start":{"line":7,"column":0},"end":{"line":null,"column":-1}},"6":{"start":{"line":10,"column":16},"end":{"line":null,"column":-1}},"7":{"start":{"line":12,"column":4},"end":{"line":null,"column":-1}},"8":{"start":{"line":17,"column":4},"end":{"line":null,"column":-1}},"9":{"start":{"line":31,"column":11},"end":{"line":null,"column":-1}},"10":{"start":{"line":32,"column":25},"end":{"line":31,"column":11}},"11":{"start":{"line":33,"column":4},"end":{"line":38,"column":5}},"12":{"start":{"line":34,"column":6},"end":{"line":null,"column":-1}},"13":{"start":{"line":39,"column":4},"end":{"line":null,"column":-1}},"14":{"start":{"line":43,"column":37},"end":{"line":null,"column":-1}}},"fnMap":{"0":{"name":"App","decl":{"start":{"line":10,"column":2},"end":{"line":10,"column":15}},"loc":{"start":{"line":10,"column":16},"end":{"line":15,"column":3}}},"1":{"name":"component","decl":{"start":{"line":43,"column":37},"end":{"line":null,"column":-1}},"loc":{"start":{"line":43,"column":37},"end":{"line":43,"column":10}}}},"branchMap":{"0":{"loc":{"start":{"line":10,"column":16},"end":{"line":null,"column":-1}},"type":"binary-expr","locations":[{"start":{"line":10,"column":16},"end":{"line":null,"column":-1}},{"start":{"line":10,"column":16},"end":{"line":null,"column":-1}}]},"1":{"loc":{"start":{"line":33,"column":4},"end":{"line":38,"column":5}},"type":"if","locations":[{"start":{"line":33,"column":4},"end":{"line":38,"column":5}},{"start":{"line":33,"column":4},"end":{"line":38,"column":5}}]},"2":{"loc":{"start":{"line":33,"column":8},"end":{"line":33,"column":7}},"type":"binary-expr","locations":[{"start":{"line":33,"column":8},"end":{"line":33,"column":7}},{"start":{"line":33,"column":28},"end":{"line":33,"column":4}}]}},"s":{"0":0,"1":0,"2":0,"3":0,"4":0,"5":0,"6":0,"7":0,"8":0,"9":0,"10":0,"11":0,"12":0,"13":0,"14":0},"f":{"0":0,"1":0},"b":{"0":[0,0],"1":[0,0],"2":[0,0]}}
,"/Users/lucasmaia/Developer/test/spotify-test/frontend/src/components/Input/index.js": {"path":"/Users/lucasmaia/Developer/test/spotify-test/frontend/src/components/Input/index.js","statementMap":{"0":{"start":{"line":3,"column":14},"end":{"line":8,"column":1}},"1":{"start":{"line":4,"column":2},"end":{"line":7,"column":4}}},"fnMap":{"0":{"name":"(anonymous_0)","decl":{"start":{"line":3,"column":14},"end":{"line":3,"column":15}},"loc":{"start":{"line":4,"column":2},"end":{"line":7,"column":4}},"line":4}},"branchMap":{},"s":{"0":1,"1":2},"f":{"0":2},"b":{},"_coverageSchema":"332fd63041d2c1bcb487cc26dd0d5f7d97098a6c","hash":"a8d83948e3028903b96b28f69230e5508d4c094d"}
,"/Users/lucasmaia/Developer/test/spotify-test/frontend/src/components/Paragraph/index.js": {"path":"/Users/lucasmaia/Developer/test/spotify-test/frontend/src/components/Paragraph/index.js","statementMap":{"0":{"start":{"line":3,"column":18},"end":{"line":3,"column":72}},"1":{"start":{"line":3,"column":45},"end":{"line":3,"column":72}}},"fnMap":{"0":{"name":"(anonymous_0)","decl":{"start":{"line":3,"column":18},"end":{"line":3,"column":19}},"loc":{"start":{"line":3,"column":45},"end":{"line":3,"column":72}},"line":3}},"branchMap":{},"s":{"0":1,"1":1},"f":{"0":1},"b":{},"_coverageSchema":"332fd63041d2c1bcb487cc26dd0d5f7d97098a6c","hash":"37527c20e53bee7096f467e48f54032a482f817f"}
,"/Users/lucasmaia/Developer/test/spotify-test/frontend/src/components/PrivateRoute/index.js": {"path":"/Users/lucasmaia/Developer/test/spotify-test/frontend/src/components/PrivateRoute/index.js","statementMap":{"0":{"start":{"line":1,"column":0},"end":{"line":null,"column":-1}},"1":{"start":{"line":2,"column":0},"end":{"line":null,"column":-1}},"2":{"start":{"line":4,"column":21},"end":{"line":4,"column":0}},"3":{"start":{"line":4,"column":21},"end":{"line":4,"column":20}},"4":{"start":{"line":4,"column":21},"end":{"line":null,"column":-1}},"5":{"start":{"line":7,"column":12},"end":{"line":null,"column":-1}}},"fnMap":{"0":{"name":"PrivateRoute","decl":{"start":{"line":4,"column":6},"end":{"line":4,"column":21}},"loc":{"start":{"line":4,"column":21},"end":{"line":4,"column":0}}},"1":{"name":"render","decl":{"start":{"line":7,"column":12},"end":{"line":null,"column":-1}},"loc":{"start":{"line":7,"column":12},"end":{"line":null,"column":-1}}}},"branchMap":{"0":{"loc":{"start":{"line":9,"column":8},"end":{"line":8,"column":6}},"type":"cond-expr","locations":[{"start":{"line":9,"column":8},"end":{"line":8,"column":6}},{"start":{"line":11,"column":8},"end":{"line":7,"column":12}}]}},"s":{"0":0,"1":0,"2":0,"3":0,"4":0,"5":0},"f":{"0":0,"1":0},"b":{"0":[0,0]}}
,"/Users/lucasmaia/Developer/test/spotify-test/frontend/src/reducers/index.js": {"path":"/Users/lucasmaia/Developer/test/spotify-test/frontend/src/reducers/index.js","statementMap":{"0":{"start":{"line":1,"column":15},"end":{"line":null,"column":-1}}},"fnMap":{},"branchMap":{},"s":{"0":0},"f":{},"b":{}}
,"/Users/lucasmaia/Developer/test/spotify-test/frontend/src/screens/Home/index.js": {"path":"/Users/lucasmaia/Developer/test/spotify-test/frontend/src/screens/Home/index.js","statementMap":{"0":{"start":{"line":1,"column":0},"end":{"line":null,"column":-1}},"1":{"start":{"line":2,"column":0},"end":{"line":null,"column":-1}},"2":{"start":{"line":3,"column":0},"end":{"line":null,"column":-1}},"3":{"start":{"line":5,"column":0},"end":{"line":null,"column":-1}},"4":{"start":{"line":8,"column":16},"end":{"line":null,"column":-1}},"5":{"start":{"line":15,"column":4},"end":{"line":null,"column":-1}},"6":{"start":{"line":10,"column":4},"end":{"line":null,"column":-1}},"7":{"start":{"line":20,"column":25},"end":{"line":19,"column":11}},"8":{"start":{"line":21,"column":22},"end":{"line":19,"column":11}},"9":{"start":{"line":22,"column":22},"end":{"line":19,"column":11}},"10":{"start":{"line":23,"column":22},"end":{"line":19,"column":11}},"11":{"start":{"line":24,"column":4},"end":{"line":null,"column":-1}}},"fnMap":{"0":{"name":"Home","decl":{"start":{"line":8,"column":2},"end":{"line":8,"column":15}},"loc":{"start":{"line":8,"column":16},"end":{"line":13,"column":3}}},"1":{"name":"(anonymous_10)","decl":{"start":{"line":14,"column":17},"end":{"line":14,"column":17}},"loc":{"start":{"line":14,"column":24},"end":{"line":8,"column":16}}}},"branchMap":{"0":{"loc":{"start":{"line":8,"column":16},"end":{"line":null,"column":-1}},"type":"binary-expr","locations":[{"start":{"line":8,"column":16},"end":{"line":null,"column":-1}},{"start":{"line":8,"column":16},"end":{"line":null,"column":-1}}]}},"s":{"0":0,"1":0,"2":0,"3":0,"4":0,"5":0,"6":0,"7":0,"8":0,"9":0,"10":0,"11":0},"f":{"0":0,"1":0},"b":{"0":[0,0]}}
}
