TN:
SF:/Users/lucasmaia/Developer/test/spotify-test/frontend/src/App.js
FN:10,App
FN:43,component
FNF:2
FNH:0
FNDA:0,App
FNDA:0,component
DA:1,0
DA:2,0
DA:3,0
DA:4,0
DA:5,0
DA:7,0
DA:10,0
DA:12,0
DA:17,0
DA:31,0
DA:32,0
DA:33,0
DA:34,0
DA:39,0
DA:43,0
LF:15
LH:0
BRDA:10,0,0,0
BRDA:10,0,1,0
BRDA:33,1,0,0
BRDA:33,1,1,0
BRDA:33,2,0,0
BRDA:33,2,1,0
BRF:6
BRH:0
end_of_record
TN:
SF:/Users/lucasmaia/Developer/test/spotify-test/frontend/src/components/Input/index.js
FN:3,(anonymous_0)
FNF:1
FNH:1
FNDA:2,(anonymous_0)
DA:3,1
DA:4,2
LF:2
LH:2
BRF:0
BRH:0
end_of_record
TN:
SF:/Users/lucasmaia/Developer/test/spotify-test/frontend/src/components/Paragraph/index.js
FN:3,(anonymous_0)
FNF:1
FNH:1
FNDA:1,(anonymous_0)
DA:3,1
LF:1
LH:1
BRF:0
BRH:0
end_of_record
TN:
SF:/Users/lucasmaia/Developer/test/spotify-test/frontend/src/components/PrivateRoute/index.js
FN:4,PrivateRoute
FN:7,render
FNF:2
FNH:0
FNDA:0,PrivateRoute
FNDA:0,render
DA:1,0
DA:2,0
DA:4,0
DA:7,0
LF:4
LH:0
BRDA:9,0,0,0
BRDA:9,0,1,0
BRF:2
BRH:0
end_of_record
TN:
SF:/Users/lucasmaia/Developer/test/spotify-test/frontend/src/reducers/index.js
FNF:0
FNH:0
DA:1,0
LF:1
LH:0
BRF:0
BRH:0
end_of_record
TN:
SF:/Users/lucasmaia/Developer/test/spotify-test/frontend/src/screens/Home/index.js
FN:8,Home
FN:14,(anonymous_10)
FNF:2
FNH:0
FNDA:0,Home
FNDA:0,(anonymous_10)
DA:1,0
DA:2,0
DA:3,0
DA:5,0
DA:8,0
DA:10,0
DA:15,0
DA:20,0
DA:21,0
DA:22,0
DA:23,0
DA:24,0
LF:12
LH:0
BRDA:8,0,0,0
BRDA:8,0,1,0
BRF:2
BRH:0
end_of_record
